INFO - 2024-05-17 06:27:22 --> Session: Class initialized using 'CodeIgniter\Session\Handlers\FileHandler' driver.
CRITICAL - 2024-05-17 06:27:49 --> ErrorException: Type of App\Models\UserModel::$casts must be array (as in class CodeIgniter\BaseModel)
[Method: POST, Route: admin/login]
in APPPATH\Models\UserModel.php on line 7.
 1 [internal function]: CodeIgniter\Debug\Exceptions->shutdownHandler()
CRITICAL - 2024-05-17 06:30:19 --> ErrorException: Type of App\Models\UserModel::$casts must be array (as in class CodeIgniter\BaseModel)
[Method: POST, Route: admin/login]
in APPPATH\Models\UserModel.php on line 7.
 1 [internal function]: CodeIgniter\Debug\Exceptions->shutdownHandler()
INFO - 2024-05-17 06:30:24 --> Session: Class initialized using 'CodeIgniter\Session\Handlers\FileHandler' driver.
INFO - 2024-05-17 06:30:26 --> Session: Class initialized using 'CodeIgniter\Session\Handlers\FileHandler' driver.
CRITICAL - 2024-05-17 06:30:34 --> ErrorException: Type of App\Models\UserModel::$casts must be array (as in class CodeIgniter\BaseModel)
[Method: POST, Route: admin/login]
in APPPATH\Models\UserModel.php on line 7.
 1 [internal function]: CodeIgniter\Debug\Exceptions->shutdownHandler()
INFO - 2024-05-17 06:35:53 --> Session: Class initialized using 'CodeIgniter\Session\Handlers\FileHandler' driver.
INFO - 2024-05-17 06:36:04 --> Session: Class initialized using 'CodeIgniter\Session\Handlers\FileHandler' driver.
INFO - 2024-05-17 06:36:26 --> Session: Class initialized using 'CodeIgniter\Session\Handlers\FileHandler' driver.
CRITICAL - 2024-05-17 06:36:34 --> CodeIgniter\HTTP\Exceptions\HTTPException: The route for "admin.dashboard" cannot be found.
[Method: POST, Route: admin/login]
in SYSTEMPATH\HTTP\RedirectResponse.php on line 64.
 1 SYSTEMPATH\HTTP\RedirectResponse.php(64): CodeIgniter\HTTP\Exceptions\HTTPException::forInvalidRedirectRoute('admin.dashboard')
 2 APPPATH\Controllers\Admin\AuthController.php(47): CodeIgniter\HTTP\RedirectResponse->route(false)
 3 SYSTEMPATH\CodeIgniter.php(933): App\Controllers\Admin\AuthController->authenticate()
 4 SYSTEMPATH\CodeIgniter.php(509): CodeIgniter\CodeIgniter->runController(Object(App\Controllers\Admin\AuthController))
 5 SYSTEMPATH\CodeIgniter.php(355): CodeIgniter\CodeIgniter->handleRequest(null, Object(Config\Cache), false)
 6 SYSTEMPATH\Boot.php(312): CodeIgniter\CodeIgniter->run()
 7 SYSTEMPATH\Boot.php(67): CodeIgniter\Boot::runCodeIgniter(Object(CodeIgniter\CodeIgniter))
 8 FCPATH\index.php(56): CodeIgniter\Boot::bootWeb(Object(Config\Paths))
 9 SYSTEMPATH\Commands\Server\rewrite.php(49): require_once('C:\\Users\\ekamaulanablp\\Downloads\\web-tokoonline\\public\\index.php')
INFO - 2024-05-17 06:37:45 --> Session: Class initialized using 'CodeIgniter\Session\Handlers\FileHandler' driver.
INFO - 2024-05-17 06:37:52 --> Session: Class initialized using 'CodeIgniter\Session\Handlers\FileHandler' driver.
INFO - 2024-05-17 06:37:56 --> Session: Class initialized using 'CodeIgniter\Session\Handlers\FileHandler' driver.
INFO - 2024-05-17 06:38:14 --> Session: Class initialized using 'CodeIgniter\Session\Handlers\FileHandler' driver.
INFO - 2024-05-17 06:41:29 --> Session: Class initialized using 'CodeIgniter\Session\Handlers\FileHandler' driver.
INFO - 2024-05-17 06:41:32 --> Session: Class initialized using 'CodeIgniter\Session\Handlers\FileHandler' driver.
INFO - 2024-05-17 07:14:27 --> Session: Class initialized using 'CodeIgniter\Session\Handlers\FileHandler' driver.
CRITICAL - 2024-05-17 07:14:59 --> CodeIgniter\Filters\Exceptions\FilterException: "auth" filter must have a matching alias defined.
[Method: GET, Route: admin/products]
in SYSTEMPATH\Filters\Filters.php on line 495.
 1 SYSTEMPATH\Filters\Filters.php(495): CodeIgniter\Filters\Exceptions\FilterException::forNoAlias('auth')
 2 SYSTEMPATH\Filters\Filters.php(547): CodeIgniter\Filters\Filters->enableFilter('auth', 'before')
 3 SYSTEMPATH\CodeIgniter.php(469): CodeIgniter\Filters\Filters->enableFilters([...], 'before')
 4 SYSTEMPATH\CodeIgniter.php(355): CodeIgniter\CodeIgniter->handleRequest(null, Object(Config\Cache), false)
 5 SYSTEMPATH\Boot.php(312): CodeIgniter\CodeIgniter->run()
 6 SYSTEMPATH\Boot.php(67): CodeIgniter\Boot::runCodeIgniter(Object(CodeIgniter\CodeIgniter))
 7 FCPATH\index.php(56): CodeIgniter\Boot::bootWeb(Object(Config\Paths))
 8 SYSTEMPATH\Commands\Server\rewrite.php(49): require_once('C:\\Users\\ekamaulanablp\\Downloads\\web-tokoonline\\public\\index.php')
CRITICAL - 2024-05-17 07:16:36 --> ErrorException: Undefined variable $products
[Method: GET, Route: admin/products]
in APPPATH\Views\admin\produk\index.php on line 34.
 1 APPPATH\Views\admin\produk\index.php(34): CodeIgniter\Debug\Exceptions->errorHandler(2, 'Undefined variable $products', 'C:\\Users\\ekamaulanablp\\Downloads\\web-tokoonline\\app\\Views\\admin\\produk\\index.php', 34)
 2 SYSTEMPATH\View\View.php(234): include('C:\\Users\\ekamaulanablp\\Downloads\\web-tokoonline\\app\\Views\\admin\\produk\\index.php')
 3 SYSTEMPATH\View\View.php(237): CodeIgniter\View\View->CodeIgniter\View\{closure}()
 4 SYSTEMPATH\Common.php(1171): CodeIgniter\View\View->render('admin/produk/index', [], true)
 5 APPPATH\Controllers\Admin\ProdukController.php(20): view('admin/produk/index', [...])
 6 SYSTEMPATH\CodeIgniter.php(933): App\Controllers\Admin\ProdukController->index()
 7 SYSTEMPATH\CodeIgniter.php(509): CodeIgniter\CodeIgniter->runController(Object(App\Controllers\Admin\ProdukController))
 8 SYSTEMPATH\CodeIgniter.php(355): CodeIgniter\CodeIgniter->handleRequest(null, Object(Config\Cache), false)
 9 SYSTEMPATH\Boot.php(312): CodeIgniter\CodeIgniter->run()
10 SYSTEMPATH\Boot.php(67): CodeIgniter\Boot::runCodeIgniter(Object(CodeIgniter\CodeIgniter))
11 FCPATH\index.php(56): CodeIgniter\Boot::bootWeb(Object(Config\Paths))
12 SYSTEMPATH\Commands\Server\rewrite.php(49): require_once('C:\\Users\\ekamaulanablp\\Downloads\\web-tokoonline\\public\\index.php')
CRITICAL - 2024-05-17 07:17:41 --> ErrorException: Undefined variable $data
[Method: GET, Route: admin/products]
in APPPATH\Views\admin\produk\index.php on line 34.
 1 APPPATH\Views\admin\produk\index.php(34): CodeIgniter\Debug\Exceptions->errorHandler(2, 'Undefined variable $data', 'C:\\Users\\ekamaulanablp\\Downloads\\web-tokoonline\\app\\Views\\admin\\produk\\index.php', 34)
 2 SYSTEMPATH\View\View.php(234): include('C:\\Users\\ekamaulanablp\\Downloads\\web-tokoonline\\app\\Views\\admin\\produk\\index.php')
 3 SYSTEMPATH\View\View.php(237): CodeIgniter\View\View->CodeIgniter\View\{closure}()
 4 SYSTEMPATH\Common.php(1171): CodeIgniter\View\View->render('admin/produk/index', [], true)
 5 APPPATH\Controllers\Admin\ProdukController.php(20): view('admin/produk/index', [...])
 6 SYSTEMPATH\CodeIgniter.php(933): App\Controllers\Admin\ProdukController->index()
 7 SYSTEMPATH\CodeIgniter.php(509): CodeIgniter\CodeIgniter->runController(Object(App\Controllers\Admin\ProdukController))
 8 SYSTEMPATH\CodeIgniter.php(355): CodeIgniter\CodeIgniter->handleRequest(null, Object(Config\Cache), false)
 9 SYSTEMPATH\Boot.php(312): CodeIgniter\CodeIgniter->run()
10 SYSTEMPATH\Boot.php(67): CodeIgniter\Boot::runCodeIgniter(Object(CodeIgniter\CodeIgniter))
11 FCPATH\index.php(56): CodeIgniter\Boot::bootWeb(Object(Config\Paths))
12 SYSTEMPATH\Commands\Server\rewrite.php(49): require_once('C:\\Users\\ekamaulanablp\\Downloads\\web-tokoonline\\public\\index.php')
CRITICAL - 2024-05-17 07:17:43 --> ErrorException: Undefined variable $data
[Method: GET, Route: admin/products]
in APPPATH\Views\admin\produk\index.php on line 34.
 1 APPPATH\Views\admin\produk\index.php(34): CodeIgniter\Debug\Exceptions->errorHandler(2, 'Undefined variable $data', 'C:\\Users\\ekamaulanablp\\Downloads\\web-tokoonline\\app\\Views\\admin\\produk\\index.php', 34)
 2 SYSTEMPATH\View\View.php(234): include('C:\\Users\\ekamaulanablp\\Downloads\\web-tokoonline\\app\\Views\\admin\\produk\\index.php')
 3 SYSTEMPATH\View\View.php(237): CodeIgniter\View\View->CodeIgniter\View\{closure}()
 4 SYSTEMPATH\Common.php(1171): CodeIgniter\View\View->render('admin/produk/index', [], true)
 5 APPPATH\Controllers\Admin\ProdukController.php(20): view('admin/produk/index', [...])
 6 SYSTEMPATH\CodeIgniter.php(933): App\Controllers\Admin\ProdukController->index()
 7 SYSTEMPATH\CodeIgniter.php(509): CodeIgniter\CodeIgniter->runController(Object(App\Controllers\Admin\ProdukController))
 8 SYSTEMPATH\CodeIgniter.php(355): CodeIgniter\CodeIgniter->handleRequest(null, Object(Config\Cache), false)
 9 SYSTEMPATH\Boot.php(312): CodeIgniter\CodeIgniter->run()
10 SYSTEMPATH\Boot.php(67): CodeIgniter\Boot::runCodeIgniter(Object(CodeIgniter\CodeIgniter))
11 FCPATH\index.php(56): CodeIgniter\Boot::bootWeb(Object(Config\Paths))
12 SYSTEMPATH\Commands\Server\rewrite.php(49): require_once('C:\\Users\\ekamaulanablp\\Downloads\\web-tokoonline\\public\\index.php')
CRITICAL - 2024-05-17 07:35:25 --> ErrorException: Undefined variable $product
[Method: GET, Route: admin/products/edit/1]
in APPPATH\Views\admin\produk\edit.php on line 15.
 1 APPPATH\Views\admin\produk\edit.php(15): CodeIgniter\Debug\Exceptions->errorHandler(2, 'Undefined variable $product', 'C:\\Users\\ekamaulanablp\\Downloads\\web-tokoonline\\app\\Views\\admin\\produk\\edit.php', 15)
 2 SYSTEMPATH\View\View.php(234): include('C:\\Users\\ekamaulanablp\\Downloads\\web-tokoonline\\app\\Views\\admin\\produk\\edit.php')
 3 SYSTEMPATH\View\View.php(237): CodeIgniter\View\View->CodeIgniter\View\{closure}()
 4 SYSTEMPATH\Common.php(1171): CodeIgniter\View\View->render('admin/produk/edit', [], true)
 5 APPPATH\Controllers\Admin\ProdukController.php(57): view('admin/produk/edit', [...])
 6 SYSTEMPATH\CodeIgniter.php(933): App\Controllers\Admin\ProdukController->edit('1')
 7 SYSTEMPATH\CodeIgniter.php(509): CodeIgniter\CodeIgniter->runController(Object(App\Controllers\Admin\ProdukController))
 8 SYSTEMPATH\CodeIgniter.php(355): CodeIgniter\CodeIgniter->handleRequest(null, Object(Config\Cache), false)
 9 SYSTEMPATH\Boot.php(312): CodeIgniter\CodeIgniter->run()
10 SYSTEMPATH\Boot.php(67): CodeIgniter\Boot::runCodeIgniter(Object(CodeIgniter\CodeIgniter))
11 FCPATH\index.php(56): CodeIgniter\Boot::bootWeb(Object(Config\Paths))
12 SYSTEMPATH\Commands\Server\rewrite.php(49): require_once('C:\\Users\\ekamaulanablp\\Downloads\\web-tokoonline\\public\\index.php')
INFO - 2024-05-17 07:42:38 --> Session: Class initialized using 'CodeIgniter\Session\Handlers\FileHandler' driver.
INFO - 2024-05-17 07:42:40 --> Session: Class initialized using 'CodeIgniter\Session\Handlers\FileHandler' driver.
